Release 13.4 - xst O.87xd (lin64)
Copyright (c) 1995-2011 Xilinx, Inc.  All rights reserved.
--> 
Parameter TMPDIR set to xst/projnav.tmp


Total REAL time to Xst completion: 0.00 secs
Total CPU time to Xst completion: 0.06 secs
 
--> 
Parameter xsthdpdir set to xst


Total REAL time to Xst completion: 0.00 secs
Total CPU time to Xst completion: 0.06 secs
 
--> 
Reading design: PongGame.prj

TABLE OF CONTENTS
  1) Synthesis Options Summary
  2) HDL Compilation
  3) Design Hierarchy Analysis
  4) HDL Analysis
  5) HDL Synthesis
     5.1) HDL Synthesis Report
  6) Advanced HDL Synthesis
     6.1) Advanced HDL Synthesis Report
  7) Low Level Synthesis
  8) Partition Report
  9) Final Report
	9.1) Device utilization summary
	9.2) Partition Resource Summary
	9.3) TIMING REPORT


=========================================================================
*                      Synthesis Options Summary                        *
=========================================================================
---- Source Parameters
Input File Name                    : "PongGame.prj"
Input Format                       : mixed
Ignore Synthesis Constraint File   : NO

---- Target Parameters
Output File Name                   : "PongGame"
Output Format                      : NGC
Target Device                      : xc3s500e-5-fg320

---- Source Options
Top Module Name                    : PongGame
Automatic FSM Extraction           : YES
FSM Encoding Algorithm             : Auto
Safe Implementation                : No
FSM Style                          : LUT
RAM Extraction                     : Yes
RAM Style                          : Auto
ROM Extraction                     : Yes
Mux Style                          : Auto
Decoder Extraction                 : YES
Priority Encoder Extraction        : Yes
Shift Register Extraction          : YES
Logical Shifter Extraction         : YES
XOR Collapsing                     : YES
ROM Style                          : Auto
Mux Extraction                     : Yes
Resource Sharing                   : YES
Asynchronous To Synchronous        : NO
Multiplier Style                   : Auto
Automatic Register Balancing       : No

---- Target Options
Add IO Buffers                     : YES
Global Maximum Fanout              : 500
Add Generic Clock Buffer(BUFG)     : 24
Register Duplication               : YES
Slice Packing                      : YES
Optimize Instantiated Primitives   : NO
Use Clock Enable                   : Yes
Use Synchronous Set                : Yes
Use Synchronous Reset              : Yes
Pack IO Registers into IOBs        : Auto
Equivalent register Removal        : YES

---- General Options
Optimization Goal                  : Speed
Optimization Effort                : 1
Keep Hierarchy                     : No
Netlist Hierarchy                  : As_Optimized
RTL Output                         : Yes
Global Optimization                : AllClockNets
Read Cores                         : YES
Write Timing Constraints           : NO
Cross Clock Analysis               : NO
Hierarchy Separator                : /
Bus Delimiter                      : <>
Case Specifier                     : Maintain
Slice Utilization Ratio            : 100
BRAM Utilization Ratio             : 100
Verilog 2001                       : YES
Auto BRAM Packing                  : NO
Slice Utilization Ratio Delta      : 5

---- Other Options
Cores Search Directories           : {"ipcore_dir"  }

=========================================================================


=========================================================================
*                          HDL Compilation                              *
=========================================================================
Compiling vhdl file "/home/student1/k3minhas/COE758_F2024/Project2/ipcore_dir/icon.vhd" in Library work.
Architecture icon_a of Entity icon is up to date.
Compiling vhdl file "/home/student1/k3minhas/COE758_F2024/Project2/ipcore_dir/ila_pong.vhd" in Library work.
Entity <ila_pong> compiled.
Entity <ila_pong> (Architecture <ila_pong_a>) compiled.
Compiling vhdl file "/home/student1/k3minhas/COE758_F2024/Project2/PongGame.vhd" in Library work.
Entity <ponggame> compiled.
Entity <ponggame> (Architecture <behavioral>) compiled.

=========================================================================
*                     Design Hierarchy Analysis                         *
=========================================================================
Analyzing hierarchy for entity <PongGame> in library <work> (architecture <behavioral>).


=========================================================================
*                            HDL Analysis                               *
=========================================================================
Analyzing Entity <PongGame> in library <work> (Architecture <behavioral>).
WARNING:Xst:2211 - "/home/student1/k3minhas/COE758_F2024/Project2/PongGame.vhd" line 122: Instantiating black box module <icon>.
WARNING:Xst:2211 - "/home/student1/k3minhas/COE758_F2024/Project2/PongGame.vhd" line 126: Instantiating black box module <ila_pong>.
Entity <PongGame> analyzed. Unit <PongGame> generated.


=========================================================================
*                           HDL Synthesis                               *
=========================================================================

Performing bidirectional port resolution...

Synthesizing Unit <PongGame>.
    Related source file is "/home/student1/k3minhas/COE758_F2024/Project2/PongGame.vhd".
WARNING:Xst:653 - Signal <trig0<0>> is used but never assigned. This sourceless signal will be automatically connected to value 0.
WARNING:Xst:1780 - Signal <player2_direction> is never used or assigned. This unconnected signal will be trimmed during the optimization process.
WARNING:Xst:1780 - Signal <player2_AI> is never used or assigned. This unconnected signal will be trimmed during the optimization process.
WARNING:Xst:1780 - Signal <player1_direction> is never used or assigned. This unconnected signal will be trimmed during the optimization process.
WARNING:Xst:653 - Signal <paddle2_pos_length_v> is used but never assigned. This sourceless signal will be automatically connected to value 00000000000000000000000001100100.
WARNING:Xst:653 - Signal <paddle2_pos_length_h> is used but never assigned. This sourceless signal will be automatically connected to value 00000000000000000000000000001010.
WARNING:Xst:653 - Signal <paddle2_pos_h1> is used but never assigned. This sourceless signal will be automatically connected to value 00000000000000000000001001100010.
WARNING:Xst:653 - Signal <paddle1_pos_length_v> is used but never assigned. This sourceless signal will be automatically connected to value 00000000000000000000000001100100.
WARNING:Xst:653 - Signal <paddle1_pos_length_h> is used but never assigned. This sourceless signal will be automatically connected to value 00000000000000000000000000001010.
WARNING:Xst:653 - Signal <paddle1_pos_h1> is used but never assigned. This sourceless signal will be automatically connected to value 00000000000000000000000000010100.
WARNING:Xst:1780 - Signal <ila_clk> is never used or assigned. This unconnected signal will be trimmed during the optimization process.
    Found 8-bit register for signal <Bout>.
    Found 8-bit register for signal <Gout>.
    Found 8-bit register for signal <Rout>.
    Found 32-bit register for signal <ball_pos_h1>.
    Found 32-bit adder for signal <ball_pos_h1$addsub0000> created at line 262.
    Found 32-bit 4-to-1 multiplexer for signal <ball_pos_h1$mux0002>.
    Found 32-bit register for signal <ball_pos_v1>.
    Found 32-bit adder for signal <ball_pos_v1$addsub0000> created at line 263.
    Found 32-bit comparator less for signal <ball_pos_v1$cmp_lt0000> created at line 265.
    Found 32-bit 4-to-1 multiplexer for signal <ball_pos_v1$mux0002>.
    Found 3-bit register for signal <ball_speed_h>.
    Found 3-bit adder for signal <ball_speed_h$add0001>.
    Found 32-bit comparator greatequal for signal <ball_speed_h$cmp_ge0000> created at line 238.
    Found 32-bit comparator greatequal for signal <ball_speed_h$cmp_ge0001> created at line 250.
    Found 32-bit comparator greatequal for signal <ball_speed_h$cmp_ge0002> created at line 250.
    Found 32-bit comparator greatequal for signal <ball_speed_h$cmp_ge0003> created at line 256.
    Found 32-bit comparator greatequal for signal <ball_speed_h$cmp_ge0004> created at line 256.
    Found 32-bit comparator greater for signal <ball_speed_h$cmp_gt0000> created at line 250.
    Found 32-bit comparator greater for signal <ball_speed_h$cmp_gt0001> created at line 250.
    Found 32-bit comparator greater for signal <ball_speed_h$cmp_gt0002> created at line 256.
    Found 32-bit comparator greater for signal <ball_speed_h$cmp_gt0003> created at line 256.
    Found 32-bit comparator greater for signal <ball_speed_h$cmp_gt0004> created at line 250.
    Found 32-bit comparator greater for signal <ball_speed_h$cmp_gt0005> created at line 244.
    Found 32-bit comparator lessequal for signal <ball_speed_h$cmp_le0000> created at line 244.
    Found 32-bit comparator lessequal for signal <ball_speed_h$cmp_le0001> created at line 250.
    Found 32-bit comparator lessequal for signal <ball_speed_h$cmp_le0002> created at line 250.
    Found 32-bit comparator lessequal for signal <ball_speed_h$cmp_le0003> created at line 256.
    Found 32-bit comparator lessequal for signal <ball_speed_h$cmp_le0004> created at line 256.
    Found 32-bit comparator less for signal <ball_speed_h$cmp_lt0000> created at line 250.
    Found 32-bit comparator less for signal <ball_speed_h$cmp_lt0001> created at line 250.
    Found 32-bit comparator less for signal <ball_speed_h$cmp_lt0002> created at line 256.
    Found 32-bit comparator less for signal <ball_speed_h$cmp_lt0003> created at line 256.
    Found 3-bit adder for signal <ball_speed_h$share0000>.
    Found 3-bit register for signal <ball_speed_v>.
    Found 3-bit adder for signal <ball_speed_v$add0001>.
    Found 3-bit adder for signal <ball_speed_v$addsub0000> created at line 234.
    Found 32-bit comparator greatequal for signal <ball_speed_v$cmp_ge0000> created at line 226.
    Found 32-bit comparator greater for signal <ball_speed_v$cmp_gt0000> created at line 232.
    Found 32-bit comparator lessequal for signal <ball_speed_v$cmp_le0000> created at line 232.
    Found 1-bit register for signal <ballcolor>.
    Found 32-bit comparator greater for signal <ballcolor$cmp_gt0000> created at line 285.
    Found 32-bit comparator greater for signal <ballcolor$cmp_gt0001> created at line 285.
    Found 32-bit comparator less for signal <ballcolor$cmp_lt0000> created at line 285.
    Found 32-bit comparator less for signal <ballcolor$cmp_lt0001> created at line 279.
    Found 1-bit register for signal <clk25>.
    Found 32-bit comparator greater for signal <Gout$cmp_gt0000> created at line 361.
    Found 32-bit comparator less for signal <Gout$cmp_lt0000> created at line 361.
    Found 5-bit comparator less for signal <Gout$cmp_lt0001> created at line 364.
    Found 32-bit up counter for signal <hPos>.
    Found 1-bit register for signal <hsync_in>.
    Found 32-bit comparator greater for signal <hsync_in$cmp_gt0000> created at line 181.
    Found 32-bit comparator lessequal for signal <hsync_in$cmp_le0000> created at line 181.
    Found 1-bit register for signal <newframe>.
    Found 32-bit updown accumulator for signal <paddle1_pos_v1>.
    Found 32-bit comparator greatequal for signal <paddle1_pos_v1$cmp_ge0000> created at line 302.
    Found 32-bit comparator lessequal for signal <paddle1_pos_v1$cmp_le0000> created at line 298.
    Found 32-bit comparator less for signal <paddle1_pos_v1$cmp_lt0000> created at line 302.
    Found 32-bit updown accumulator for signal <paddle2_pos_v1>.
    Found 32-bit adder for signal <paddle2_pos_v1$add0000> created at line 311.
    Found 32-bit comparator greatequal for signal <paddle2_pos_v1$cmp_ge0000> created at line 311.
    Found 32-bit comparator lessequal for signal <paddle2_pos_v1$cmp_le0000> created at line 308.
    Found 32-bit comparator less for signal <paddle2_pos_v1$cmp_lt0000> created at line 311.
    Found 32-bit adder for signal <Rout$add0000> created at line 339.
    Found 32-bit adder for signal <Rout$add0001> created at line 339.
    Found 32-bit adder for signal <Rout$add0002> created at line 345.
    Found 32-bit adder for signal <Rout$add0003> created at line 351.
    Found 32-bit adder for signal <Rout$add0004> created at line 351.
    Found 32-bit comparator greatequal for signal <Rout$cmp_ge0000> created at line 351.
    Found 32-bit comparator greatequal for signal <Rout$cmp_ge0001> created at line 351.
    Found 32-bit comparator greater for signal <Rout$cmp_gt0000> created at line 321.
    Found 32-bit comparator greater for signal <Rout$cmp_gt0001> created at line 325.
    Found 32-bit comparator greater for signal <Rout$cmp_gt0002> created at line 329.
    Found 32-bit comparator greater for signal <Rout$cmp_gt0003> created at line 339.
    Found 32-bit comparator greater for signal <Rout$cmp_gt0004> created at line 339.
    Found 32-bit comparator greater for signal <Rout$cmp_gt0005> created at line 345.
    Found 32-bit comparator greater for signal <Rout$cmp_gt0006> created at line 345.
    Found 32-bit comparator less for signal <Rout$cmp_lt0000> created at line 321.
    Found 32-bit comparator less for signal <Rout$cmp_lt0001> created at line 325.
    Found 32-bit comparator less for signal <Rout$cmp_lt0002> created at line 325.
    Found 32-bit comparator less for signal <Rout$cmp_lt0003> created at line 339.
    Found 32-bit comparator less for signal <Rout$cmp_lt0004> created at line 339.
    Found 32-bit comparator less for signal <Rout$cmp_lt0005> created at line 345.
    Found 32-bit comparator less for signal <Rout$cmp_lt0006> created at line 345.
    Found 32-bit comparator less for signal <Rout$cmp_lt0007> created at line 351.
    Found 32-bit comparator less for signal <Rout$cmp_lt0008> created at line 351.
    Found 1-bit register for signal <videoOn>.
    Found 32-bit comparator lessequal for signal <videoOn$cmp_le0000> created at line 209.
    Found 32-bit comparator lessequal for signal <videoOn$cmp_le0001> created at line 209.
    Found 32-bit up counter for signal <vPos>.
    Found 1-bit register for signal <vsync_in>.
    Found 32-bit comparator greater for signal <vsync_in$cmp_gt0000> created at line 195.
    Found 32-bit comparator lessequal for signal <vsync_in$cmp_le0000> created at line 195.
    Summary:
	inferred   2 Counter(s).
	inferred   2 Accumulator(s).
	inferred 100 D-type flip-flop(s).
	inferred  12 Adder/Subtractor(s).
	inferred  61 Comparator(s).
	inferred  64 Multiplexer(s).
Unit <PongGame> synthesized.

INFO:Xst:1767 - HDL ADVISOR - Resource sharing has identified that some arithmetic operations in this design can share the same physical resources for reduced device utilization. For improved clock frequency you may try to disable resource sharing.

=========================================================================
HDL Synthesis Report

Macro Statistics
# Adders/Subtractors                                   : 12
 3-bit adder                                           : 4
 32-bit adder                                          : 8
# Counters                                             : 2
 32-bit up counter                                     : 2
# Accumulators                                         : 2
 32-bit updown accumulator                             : 2
# Registers                                            : 13
 1-bit register                                        : 6
 3-bit register                                        : 2
 32-bit register                                       : 2
 8-bit register                                        : 3
# Comparators                                          : 61
 32-bit comparator greatequal                          : 10
 32-bit comparator greater                             : 19
 32-bit comparator less                                : 19
 32-bit comparator lessequal                           : 12
 5-bit comparator less                                 : 1
# Multiplexers                                         : 2
 32-bit 4-to-1 multiplexer                             : 2

=========================================================================

=========================================================================
*                       Advanced HDL Synthesis                          *
=========================================================================

Reading core <ipcore_dir/icon.ngc>.
Reading core <ipcore_dir/ila_pong.ngc>.
Loading core <icon> for timing and area information for instance <sys_icon>.
Loading core <ila_pong> for timing and area information for instance <sys_ila>.

=========================================================================
Advanced HDL Synthesis Report

Macro Statistics
# Adders/Subtractors                                   : 12
 3-bit adder                                           : 4
 32-bit adder                                          : 8
# Counters                                             : 2
 32-bit up counter                                     : 2
# Accumulators                                         : 2
 32-bit updown accumulator                             : 2
# Registers                                            : 100
 Flip-Flops                                            : 100
# Comparators                                          : 61
 32-bit comparator greatequal                          : 10
 32-bit comparator greater                             : 19
 32-bit comparator less                                : 19
 32-bit comparator lessequal                           : 12
 5-bit comparator less                                 : 1
# Multiplexers                                         : 2
 32-bit 4-to-1 multiplexer                             : 2

=========================================================================

=========================================================================
*                         Low Level Synthesis                           *
=========================================================================
INFO:Xst:2261 - The FF/Latch <Bout_0> in Unit <PongGame> is equivalent to the following 7 FFs/Latches, which will be removed : <Bout_1> <Bout_2> <Bout_3> <Bout_4> <Bout_5> <Bout_6> <Bout_7> 
INFO:Xst:2261 - The FF/Latch <Gout_0> in Unit <PongGame> is equivalent to the following 7 FFs/Latches, which will be removed : <Gout_1> <Gout_2> <Gout_3> <Gout_4> <Gout_5> <Gout_6> <Gout_7> 
INFO:Xst:2261 - The FF/Latch <Rout_0> in Unit <PongGame> is equivalent to the following 7 FFs/Latches, which will be removed : <Rout_1> <Rout_2> <Rout_3> <Rout_4> <Rout_5> <Rout_6> <Rout_7> 

Optimizing unit <PongGame> ...
WARNING:Xst:1293 - FF/Latch <ball_speed_h_0> has a constant value of 0 in block <PongGame>. This FF/Latch will be trimmed during the optimization process.
WARNING:Xst:1293 - FF/Latch <ball_speed_v_0> has a constant value of 0 in block <PongGame>. This FF/Latch will be trimmed during the optimization process.
WARNING:Xst:1293 - FF/Latch <ball_speed_h_1> has a constant value of 1 in block <PongGame>. This FF/Latch will be trimmed during the optimization process.
WARNING:Xst:1293 - FF/Latch <ball_speed_v_1> has a constant value of 1 in block <PongGame>. This FF/Latch will be trimmed during the optimization process.
WARNING:Xst:1293 - FF/Latch <ball_speed_h_1> has a constant value of 1 in block <PongGame>. This FF/Latch will be trimmed during the optimization process.
WARNING:Xst:1293 - FF/Latch <ball_speed_v_1> has a constant value of 1 in block <PongGame>. This FF/Latch will be trimmed during the optimization process.
WARNING:Xst:1293 - FF/Latch <ball_speed_h_1> has a constant value of 1 in block <PongGame>. This FF/Latch will be trimmed during the optimization process.
WARNING:Xst:1293 - FF/Latch <ball_speed_v_1> has a constant value of 1 in block <PongGame>. This FF/Latch will be trimmed during the optimization process.
WARNING:Xst:1293 - FF/Latch <ball_speed_h_1> has a constant value of 1 in block <PongGame>. This FF/Latch will be trimmed during the optimization process.
WARNING:Xst:1293 - FF/Latch <ball_speed_v_1> has a constant value of 1 in block <PongGame>. This FF/Latch will be trimmed during the optimization process.

Mapping all equations...
Building and optimizing final netlist ...
Found area constraint ratio of 100 (+ 5) on block PongGame, actual ratio is 18.
FlipFlop vsync_in has been replicated 1 time(s) to handle iob=true attribute.
FlipFlop clk25 has been replicated 1 time(s) to handle iob=true attribute.
FlipFlop hsync_in has been replicated 1 time(s) to handle iob=true attribute.
FlipFlop Bout_0 has been replicated 7 time(s) to handle iob=true attribute.
FlipFlop Gout_0 has been replicated 7 time(s) to handle iob=true attribute.
FlipFlop Rout_0 has been replicated 7 time(s) to handle iob=true attribute.

Final Macro Processing ...

=========================================================================
Final Register Report

Macro Statistics
# Registers                                            : 227
 Flip-Flops                                            : 227

=========================================================================

=========================================================================
*                           Partition Report                            *
=========================================================================

Partition Implementation Status
-------------------------------

  No Partitions were found in this design.

-------------------------------

=========================================================================
*                            Final Report                               *
=========================================================================
Final Results
RTL Top Level Output File Name     : PongGame.ngr
Top Level Output File Name         : PongGame
Output Format                      : NGC
Optimization Goal                  : Speed
Keep Hierarchy                     : No

Design Statistics
# IOs                              : 32

Cell Usage :
# BELS                             : 3013
#      GND                         : 3
#      INV                         : 101
#      LUT1                        : 281
#      LUT2                        : 606
#      LUT3                        : 113
#      LUT3_L                      : 1
#      LUT4                        : 332
#      LUT4_L                      : 1
#      MUXCY                       : 1105
#      MUXCY_L                     : 60
#      MUXF5                       : 33
#      MUXF6                       : 9
#      VCC                         : 3
#      XORCY                       : 365
# FlipFlops/Latches                : 429
#      FD                          : 2
#      FDC                         : 1
#      FDCE                        : 24
#      FDE                         : 163
#      FDP                         : 4
#      FDPE                        : 4
#      FDR                         : 88
#      FDRE                        : 104
#      FDRS                        : 28
#      FDS                         : 10
#      LDC                         : 1
# RAMS                             : 1
#      RAMB16_S1_S4                : 1
# Shift Registers                  : 55
#      SRL16                       : 2
#      SRL16E                      : 1
#      SRLC16E                     : 52
# Clock Buffers                    : 3
#      BUFG                        : 2
#      BUFGP                       : 1
# IO Buffers                       : 31
#      IBUF                        : 4
#      OBUF                        : 27
# Others                           : 4
#      BSCAN_SPARTAN3              : 1
#      TIMESPEC                    : 3
=========================================================================

Device utilization summary:
---------------------------

Selected Device : 3s500efg320-5 

 Number of Slices:                      839  out of   4656    18%  
 Number of Slice Flip Flops:            402  out of   9312     4%  
 Number of 4 input LUTs:               1490  out of   9312    16%  
    Number used as logic:              1435
    Number used as Shift registers:      55
 Number of IOs:                          32
 Number of bonded IOBs:                  32  out of    232    13%  
    IOB Flip Flops:                      27
 Number of BRAMs:                         1  out of     20     5%  
 Number of GCLKs:                         3  out of     24    12%  

---------------------------
Partition Resource Summary:
---------------------------

  No Partitions were found in this design.

---------------------------


=========================================================================
TIMING REPORT

NOTE: THESE TIMING NUMBERS ARE ONLY A SYNTHESIS ESTIMATE.
      FOR ACCURATE TIMING INFORMATION PLEASE REFER TO THE TRACE REPORT
      GENERATED AFTER PLACE-and-ROUTE.

Clock Information:
------------------
------------------------------------------------------------------------------+-----------------------------------------------------+-------+
Clock Signal                                                                  | Clock buffer(FF name)                               | Load  |
------------------------------------------------------------------------------+-----------------------------------------------------+-------+
sys_icon/U0/U_ICON/I_YES_BSCAN.U_BS/DRCK1                                     | BUFG                                                | 130   |
sys_icon/U0/iUPDATE_OUT                                                       | NONE(sys_icon/U0/U_ICON/U_iDATA_CMD)                | 1     |
clk251                                                                        | BUFG                                                | 352   |
sys_icon/CONTROL0<13>(sys_icon/U0/U_ICON/U_CTRL_OUT/F_NCP[0].F_CMD[9].U_LCE:O)| NONE(*)(sys_ila/U0/I_YES_D.U_ILA/U_STAT/U_DIRTY_LDC)| 1     |
CLK                                                                           | BUFGP                                               | 2     |
------------------------------------------------------------------------------+-----------------------------------------------------+-------+
(*) This 1 clock signal(s) are generated by combinatorial logic,
and XST is not able to identify which are the primary clock signals.
Please use the CLOCK_SIGNAL constraint to specify the clock signal(s) generated by combinatorial logic.
INFO:Xst:2169 - HDL ADVISOR - Some clock signals were not automatically buffered by XST with BUFG/BUFR resources. Please use the buffer_type constraint in order to insert these buffers to the clock signals to help prevent skew problems.

Asynchronous Control Signals Information:
----------------------------------------
-----------------------------------------------------------------------------------------------------------+----------------------------------------------------------------------------------------------------------------------+-------+
Control Signal                                                                                             | Buffer(FF name)                                                                                                      | Load  |
-----------------------------------------------------------------------------------------------------------+----------------------------------------------------------------------------------------------------------------------+-------+
sys_icon/U0/U_ICON/U_CMD/iSEL_n(sys_icon/U0/U_ICON/U_CMD/U_SEL_n:O)                                        | NONE(sys_icon/U0/U_ICON/U_CMD/G_TARGET[10].I_NE0.U_TARGET)                                                           | 10    |
sys_ila/N0(sys_ila/XST_GND:G)                                                                              | NONE(sys_ila/U0/I_DQ.G_DW[0].U_DQ)                                                                                   | 4     |
sys_ila/U0/I_YES_D.U_ILA/U_RST/U_ARM_XFER/iCLR(sys_ila/U0/I_YES_D.U_ILA/U_RST/U_ARM_XFER/U_CLEAR:O)        | NONE(sys_ila/U0/I_YES_D.U_ILA/U_RST/U_ARM_XFER/U_DOUT0)                                                              | 4     |
sys_ila/U0/I_YES_D.U_ILA/U_RST/U_HALT_XFER/iCLR(sys_ila/U0/I_YES_D.U_ILA/U_RST/U_HALT_XFER/U_CLEAR:O)      | NONE(sys_ila/U0/I_YES_D.U_ILA/U_RST/U_HALT_XFER/U_DOUT0)                                                             | 4     |
sys_ila/U0/I_YES_D.U_ILA/U_STAT/U_DSL1/iCLR(sys_ila/U0/I_YES_D.U_ILA/U_STAT/U_DSL1/U_CLEAR:O)              | NONE(sys_ila/U0/I_YES_D.U_ILA/U_STAT/U_DSL1/U_DOUT0)                                                                 | 4     |
sys_icon/CONTROL0<20>(sys_icon/U0/U_ICON/U_CTRL_OUT/F_NCP[0].F_CMD[0].U_HCE:O)                             | NONE(sys_ila/U0/I_YES_D.U_ILA/U_TRIG/U_TM/G_NMU[0].U_M/U_MU/I_MUT_GANDX.U_match/I_SRL16.U_GANDX_SRL16/F_TW[0].U_TREG)| 2     |
sys_ila/U0/I_YES_D.U_ILA/iARM(sys_ila/U0/I_YES_D.U_ILA/U_RST/U_ARM_XFER/U_GEN_DELAY[3].U_FD:Q)             | NONE(sys_ila/U0/I_YES_D.U_ILA/U_STAT/U_DIRTY_FDCE)                                                                   | 2     |
sys_icon/CONTROL0<13>(sys_icon/U0/U_ICON/U_CTRL_OUT/F_NCP[0].F_CMD[9].U_LCE:O)                             | NONE(sys_ila/U0/I_YES_D.U_ILA/U_STAT/U_DIRTY_FDPE)                                                                   | 1     |
sys_icon/U0/U_ICON/iSEL_n(sys_icon/U0/U_ICON/U_iSEL_n:O)                                                   | NONE(sys_icon/U0/U_ICON/U_iDATA_CMD)                                                                                 | 1     |
sys_ila/U0/I_YES_D.U_ILA/U_STAT/ACTRESET_pulse(sys_ila/U0/I_YES_D.U_ILA/U_STAT/U_RESET_EDGE/I_H2L.U_DOUT:Q)| NONE(sys_ila/U0/I_YES_D.U_ILA/U_STAT/U_RISING)                                                                       | 1     |
sys_ila/U0/I_YES_D.U_ILA/iRESET<1>(sys_ila/U0/I_YES_D.U_ILA/U_RST/G_RST[1].U_RST:Q)                        | NONE(sys_ila/U0/I_YES_D.U_ILA/U_TRIG/U_TM/G_NMU[0].U_M/U_MU/I_OREG.I_YES_OREG.U_OREG)                                | 1     |
-----------------------------------------------------------------------------------------------------------+----------------------------------------------------------------------------------------------------------------------+-------+

Timing Summary:
---------------
Speed Grade: -5

   Minimum period: 11.202ns (Maximum Frequency: 89.268MHz)
   Minimum input arrival time before clock: 5.781ns
   Maximum output required time after clock: 4.040ns
   Maximum combinational path delay: No path found

=========================================================================
Timing constraint: TS_J_CLK = PERIOD TIMEGRP "J_CLK" 30 nS HIGH 15 nS
  Clock period: 11.202ns (frequency: 89.268MHz)
  Total number of paths / destination ports: 3091 / 260
  Number of failed paths / ports: 0 (0.00%) / 0 (0.00%)
-------------------------------------------------------------------------
Slack:                  22.991ns
  Source:               sys_icon/U0/U_ICON/U_TDI_reg (FF)
  Destination:          sys_ila/U0/I_YES_D.U_ILA/U_STAT/U_TDO (FF)
  Data Path Delay:      11.202ns (Levels of Logic = 9)
  Source Clock:         sys_icon/U0/U_ICON/I_YES_BSCAN.U_BS/DRCK1 rising at 0.000ns
  Destination Clock:    sys_icon/U0/U_ICON/I_YES_BSCAN.U_BS/DRCK1 rising at 30.000ns

  Data Path: sys_icon/U0/U_ICON/U_TDI_reg (FF) to sys_ila/U0/I_YES_D.U_ILA/U_STAT/U_TDO (FF)
                                Gate     Net
    Cell:in->out      fanout   Delay   Delay  Logical Name (Net Name)
    ----------------------------------------  ------------
     FDE:C->Q              7   0.514   0.632  U0/U_ICON/U_TDI_reg (CONTROL0<1>)
     end scope: 'sys_icon'
     begin scope: 'sys_ila'
     LUT4:I2->O            1   0.612   0.000  U0/U_XST_CONTROLBUS_WORKAROUND/CONTROL_XST_WORKAROUND_O_cmp_eq0000_wg_lut<7> (U0/U_XST_CONTROLBUS_WORKAROUND/CONTROL_XST_WORKAROUND_O_cmp_eq0000_wg_lut<7>)
     MUXCY:S->O            1   0.404   0.000  U0/U_XST_CONTROLBUS_WORKAROUND/CONTROL_XST_WORKAROUND_O_cmp_eq0000_wg_cy<7> (U0/U_XST_CONTROLBUS_WORKAROUND/CONTROL_XST_WORKAROUND_O_cmp_eq0000_wg_cy<7>)
     MUXCY:CI->O           3   0.399   0.603  U0/U_XST_CONTROLBUS_WORKAROUND/CONTROL_XST_WORKAROUND_O_cmp_eq0000_wg_cy<8> (U0/U_XST_CONTROLBUS_WORKAROUND/CONTROL_XST_WORKAROUND_O_cmp_eq0000_wg_cy<8>)
     LUT3:I0->O            1   0.612   0.000  U0/I_YES_D.U_ILA/U_STAT/U_SMUX/U_CS_MUX/I6.U_MUX64/Mmux_O_15_f5_G (N39)
     MUXF5:I1->O           1   0.278   0.387  U0/I_YES_D.U_ILA/U_STAT/U_SMUX/U_CS_MUX/I6.U_MUX64/Mmux_O_15_f5 (U0/I_YES_D.U_ILA/U_STAT/U_SMUX/U_CS_MUX/I6.U_MUX64/Mmux_O_15_f5)
     LUT3_L:I2->LO         1   0.612   0.103  U0/I_YES_D.U_ILA/U_STAT/U_MUX/U_CS_MUX/I1.U_MUX2/O21_SW0 (N36)
     LUT4:I3->O            1   0.612   0.360  U0/I_YES_D.U_ILA/U_STAT/U_MUX/U_CS_MUX/I1.U_MUX2/O39 (U0/I_YES_D.U_ILA/U_STAT/U_MUX/U_CS_MUX/I1.U_MUX2/O39)
     LUT4:I3->O            1   0.612   0.000  U0/I_YES_D.U_ILA/U_STAT/U_MUX/U_CS_MUX/I1.U_MUX2/O87 (U0/I_YES_D.U_ILA/U_STAT/TDO_next)
     FDE:D                     0.268          U0/I_YES_D.U_ILA/U_STAT/U_TDO
    ----------------------------------------
    Total                     11.202ns (9.117ns logic, 2.085ns route)
                                       (81.4% logic, 18.6% route)

=========================================================================
Timing constraint: TS_U_TO_J = MAXDELAY FROM TIMEGRP "U_CLK" TO TIMEGRP "J_CLK" 15 nS
  Clock period: 3.016ns (frequency: 331.587MHz)
  Total number of paths / destination ports: 18 / 18
  Number of failed paths / ports: 0 (0.00%) / 0 (0.00%)
-------------------------------------------------------------------------
Slack:                  11.984ns
  Source:               sys_icon/U0/U_ICON/U_iDATA_CMD (FF)
  Destination:          sys_icon/U0/U_ICON/U_SYNC/G_SYNC_WORD[6].I_EQ0.U_FDR (FF)
  Data Path Delay:      3.016ns (Levels of Logic = 1)
  Source Clock:         sys_icon/U0/iUPDATE_OUT rising at 0.000ns
  Destination Clock:    sys_icon/U0/U_ICON/I_YES_BSCAN.U_BS/DRCK1 rising at 15.000ns

  Data Path: sys_icon/U0/U_ICON/U_iDATA_CMD (FF) to sys_icon/U0/U_ICON/U_SYNC/G_SYNC_WORD[6].I_EQ0.U_FDR (FF)
                                Gate     Net
    Cell:in->out      fanout   Delay   Delay  Logical Name (Net Name)
    ----------------------------------------  ------------
     FDC:C->Q              3   0.514   0.451  U0/U_ICON/U_iDATA_CMD (U0/U_ICON/iDATA_CMD)
     INV:I->O              8   0.612   0.643  U0/U_ICON/U_SYNC/U_iDATA_CMD_n (U0/U_ICON/U_SYNC/iDATA_CMD_n)
     FDR:R                     0.795          U0/U_ICON/U_SYNC/G_SYNC_WORD[6].I_EQ0.U_FDR
    ----------------------------------------
    Total                      3.016ns (1.921ns logic, 1.095ns route)
                                       (63.7% logic, 36.3% route)

=========================================================================
Timing constraint: TS_U_TO_U = MAXDELAY FROM TIMEGRP "U_CLK" TO TIMEGRP "U_CLK" 15 nS
  Clock period: 2.202ns (frequency: 454.060MHz)
  Total number of paths / destination ports: 1 / 1
  Number of failed paths / ports: 0 (0.00%) / 0 (0.00%)
-------------------------------------------------------------------------
Slack:                  12.798ns
  Source:               sys_icon/U0/U_ICON/U_iDATA_CMD (FF)
  Destination:          sys_icon/U0/U_ICON/U_iDATA_CMD (FF)
  Data Path Delay:      2.202ns (Levels of Logic = 1)
  Source Clock:         sys_icon/U0/iUPDATE_OUT rising at 0.000ns
  Destination Clock:    sys_icon/U0/iUPDATE_OUT rising at 15.000ns

  Data Path: sys_icon/U0/U_ICON/U_iDATA_CMD (FF) to sys_icon/U0/U_ICON/U_iDATA_CMD (FF)
                                Gate     Net
    Cell:in->out      fanout   Delay   Delay  Logical Name (Net Name)
    ----------------------------------------  ------------
     FDC:C->Q              3   0.514   0.451  U0/U_ICON/U_iDATA_CMD (U0/U_ICON/iDATA_CMD)
     INV:I->O              1   0.612   0.357  U0/U_ICON/U_iDATA_CMD_n (U0/U_ICON/iDATA_CMD_n)
     FDC:D                     0.268          U0/U_ICON/U_iDATA_CMD
    ----------------------------------------
    Total                      2.202ns (1.394ns logic, 0.808ns route)
                                       (63.3% logic, 36.7% route)

=========================================================================
Timing constraint: TS_J_TO_D = FROM TIMEGRP "J_CLK" TO TIMEGRP "D_CLK" TIG;
  Clock period: 5.565ns (frequency: 179.699MHz)
  Total number of paths / destination ports: 164 / 82
  Number of failed paths / ports: 0 (0.00%) / 0 (0.00%)
-------------------------------------------------------------------------
Delay:                  5.565ns
  Source:               sys_ila/U0/I_YES_D.U_ILA/U_G2_SQ.U_CAPCTRL/I_SRLT_NE_1.U_SCRST/I_NOLUT6.I_SRL_T2.I_YES_RPM.UF0_CFGLUT4 (FF)
  Destination:          sys_ila/U0/I_YES_D.U_ILA/U_G2_SQ.U_CAPCTRL/U_CAP_ADDRGEN/I_NO_TSEQ.I_SRLT_NE_1.U_SCNT/G[11].U_FDRE (FF)
  Data Path Delay:      5.565ns (Levels of Logic = 2)
  Source Clock:         sys_icon/U0/U_ICON/I_YES_BSCAN.U_BS/DRCK1 rising at 0.000ns
  Destination Clock:    clk251 rising at 0.000ns

  Data Path: sys_ila/U0/I_YES_D.U_ILA/U_G2_SQ.U_CAPCTRL/I_SRLT_NE_1.U_SCRST/I_NOLUT6.I_SRL_T2.I_YES_RPM.UF0_CFGLUT4 (FF) to sys_ila/U0/I_YES_D.U_ILA/U_G2_SQ.U_CAPCTRL/U_CAP_ADDRGEN/I_NO_TSEQ.I_SRLT_NE_1.U_SCNT/G[11].U_FDRE (FF)
                                Gate     Net
    Cell:in->out      fanout   Delay   Delay  Logical Name (Net Name)
    ----------------------------------------  ------------
     SRLC16E:CLK->Q        1   3.224   0.000  U0/I_YES_D.U_ILA/U_G2_SQ.U_CAPCTRL/I_SRLT_NE_1.U_SCRST/I_NOLUT6.I_SRL_T2.I_YES_RPM.UF0_CFGLUT4 (U0/I_YES_D.U_ILA/U_G2_SQ.U_CAPCTRL/I_SRLT_NE_1.U_SCRST/iO<0>)
     MUXF5:I1->O           1   0.278   0.000  U0/I_YES_D.U_ILA/U_G2_SQ.U_CAPCTRL/I_SRLT_NE_1.U_SCRST/I_NOLUT6.I_SRL_T2.I_YES_RPM.U0_MUXF5 (U0/I_YES_D.U_ILA/U_G2_SQ.U_CAPCTRL/I_SRLT_NE_1.U_SCRST/jO<0>)
     MUXF6:I1->O          12   0.451   0.817  U0/I_YES_D.U_ILA/U_G2_SQ.U_CAPCTRL/I_SRLT_NE_1.U_SCRST/I_NOLUT6.I_SRL_T2.I_YES_RPM.I_NO_OREG.U_MUXF6 (U0/I_YES_D.U_ILA/U_G2_SQ.U_CAPCTRL/SCNT_RESET)
     FDRE:R                    0.795          U0/I_YES_D.U_ILA/U_G2_SQ.U_CAPCTRL/U_CAP_ADDRGEN/I_NO_TSEQ.I_SRLT_NE_1.U_SCNT/G[11].U_FDRE
    ----------------------------------------
    Total                      5.565ns (4.748ns logic, 0.817ns route)
                                       (85.3% logic, 14.7% route)

=========================================================================
Timing constraint: TS_D_TO_J = FROM TIMEGRP "D_CLK" TO TIMEGRP "J_CLK" TIG;
  Clock period: 5.452ns (frequency: 183.421MHz)
  Total number of paths / destination ports: 220 / 202
  Number of failed paths / ports: 0 (0.00%) / 0 (0.00%)
-------------------------------------------------------------------------
Delay:                  5.452ns
  Source:               sys_ila/U0/I_YES_D.U_ILA/U_STAT/U_FULL (FF)
  Destination:          sys_ila/U0/I_YES_D.U_ILA/U_STAT/U_TDO (FF)
  Data Path Delay:      5.452ns (Levels of Logic = 6)
  Source Clock:         clk251 rising at 0.000ns
  Destination Clock:    sys_icon/U0/U_ICON/I_YES_BSCAN.U_BS/DRCK1 rising at 0.000ns

  Data Path: sys_ila/U0/I_YES_D.U_ILA/U_STAT/U_FULL (FF) to sys_ila/U0/I_YES_D.U_ILA/U_STAT/U_TDO (FF)
                                Gate     Net
    Cell:in->out      fanout   Delay   Delay  Logical Name (Net Name)
    ----------------------------------------  ------------
     FDRS:C->Q             2   0.514   0.532  U0/I_YES_D.U_ILA/U_STAT/U_FULL (U0/I_YES_D.U_ILA/U_STAT/FULL_dstat)
     LUT2:I0->O            1   0.612   0.000  U0/I_YES_D.U_ILA/U_STAT/U_DMUX/U_CS_MUX/I3.U_MUX8/Mmux_O_14 (U0/I_YES_D.U_ILA/U_STAT/U_DMUX/U_CS_MUX/I3.U_MUX8/Mmux_O_14)
     MUXF5:I0->O           1   0.278   0.387  U0/I_YES_D.U_ILA/U_STAT/U_DMUX/U_CS_MUX/I3.U_MUX8/Mmux_O_12_f5 (U0/I_YES_D.U_ILA/U_STAT/U_DMUX/U_CS_MUX/I3.U_MUX8/Mmux_O_12_f5)
     LUT3:I2->O            1   0.612   0.360  U0/I_YES_D.U_ILA/U_STAT/U_DMUX/U_CS_MUX/I3.U_MUX8/Mmux_O_8 (U0/I_YES_D.U_ILA/U_STAT/U_DMUX/U_CS_MUX/I3.U_MUX8/Mmux_O_8)
     LUT4:I3->O            1   0.612   0.000  U0/I_YES_D.U_ILA/U_STAT/U_DMUX/U_CS_MUX/I3.U_MUX8/Mmux_O_4 (U0/I_YES_D.U_ILA/U_STAT/U_DMUX/U_CS_MUX/I3.U_MUX8/Mmux_O_4)
     MUXF5:I0->O           1   0.278   0.387  U0/I_YES_D.U_ILA/U_STAT/U_DMUX/U_CS_MUX/I3.U_MUX8/Mmux_O_2_f5 (U0/I_YES_D.U_ILA/U_STAT/TDO_mux_in<0>1)
     LUT4:I2->O            1   0.612   0.000  U0/I_YES_D.U_ILA/U_STAT/U_MUX/U_CS_MUX/I1.U_MUX2/O87 (U0/I_YES_D.U_ILA/U_STAT/TDO_next)
     FDE:D                     0.268          U0/I_YES_D.U_ILA/U_STAT/U_TDO
    ----------------------------------------
    Total                      5.452ns (3.786ns logic, 1.666ns route)
                                       (69.4% logic, 30.6% route)

=========================================================================
Timing constraint: TS_D2_TO_T2 = FROM TIMEGRP "D2_CLK" TO TIMEGRP "FFS" TIG;
  Clock period: 5.624ns (frequency: 177.798MHz)
  Total number of paths / destination ports: 3 / 3
  Number of failed paths / ports: 0 (0.00%) / 0 (0.00%)
-------------------------------------------------------------------------
Delay:                  5.624ns
  Source:               sys_ila/U0/I_YES_D.U_ILA/U_STAT/U_DIRTY_LDC (LATCH)
  Destination:          sys_ila/U0/I_YES_D.U_ILA/U_STAT/U_TDO (FF)
  Data Path Delay:      5.624ns (Levels of Logic = 6)
  Source Clock:         sys_icon/CONTROL0<13> falling at 0.000ns
  Destination Clock:    sys_icon/U0/U_ICON/I_YES_BSCAN.U_BS/DRCK1 rising at 0.000ns

  Data Path: sys_ila/U0/I_YES_D.U_ILA/U_STAT/U_DIRTY_LDC (LATCH) to sys_ila/U0/I_YES_D.U_ILA/U_STAT/U_TDO (FF)
                                Gate     Net
    Cell:in->out      fanout   Delay   Delay  Logical Name (Net Name)
    ----------------------------------------  ------------
     LDC:G->Q              1   0.588   0.509  U0/I_YES_D.U_ILA/U_STAT/U_DIRTY_LDC (U0/I_YES_D.U_ILA/U_STAT/DIRTY_SEL)
     LUT3:I0->O            3   0.612   0.481  U0/I_YES_D.U_ILA/U_STAT/DIRTY_dstat1 (U0/I_YES_D.U_ILA/U_STAT/DIRTY_dstat)
     LUT3:I2->O            1   0.612   0.000  U0/I_YES_D.U_ILA/U_STAT/U_DMUX/U_CS_MUX/I3.U_MUX8/Mmux_O_91_F (N42)
     MUXF5:I0->O           1   0.278   0.387  U0/I_YES_D.U_ILA/U_STAT/U_DMUX/U_CS_MUX/I3.U_MUX8/Mmux_O_91 (U0/I_YES_D.U_ILA/U_STAT/U_DMUX/U_CS_MUX/I3.U_MUX8/Mmux_O_91)
     LUT4:I2->O            1   0.612   0.000  U0/I_YES_D.U_ILA/U_STAT/U_DMUX/U_CS_MUX/I3.U_MUX8/Mmux_O_4 (U0/I_YES_D.U_ILA/U_STAT/U_DMUX/U_CS_MUX/I3.U_MUX8/Mmux_O_4)
     MUXF5:I0->O           1   0.278   0.387  U0/I_YES_D.U_ILA/U_STAT/U_DMUX/U_CS_MUX/I3.U_MUX8/Mmux_O_2_f5 (U0/I_YES_D.U_ILA/U_STAT/TDO_mux_in<0>1)
     LUT4:I2->O            1   0.612   0.000  U0/I_YES_D.U_ILA/U_STAT/U_MUX/U_CS_MUX/I1.U_MUX2/O87 (U0/I_YES_D.U_ILA/U_STAT/TDO_next)
     FDE:D                     0.268          U0/I_YES_D.U_ILA/U_STAT/U_TDO
    ----------------------------------------
    Total                      5.624ns (3.860ns logic, 1.764ns route)
                                       (68.6% logic, 31.4% route)

=========================================================================
Timing constraint: TS_J2_TO_D2 = FROM TIMEGRP "FFS" TO TIMEGRP "D2_CLK" TIG;
-------------------------------------------------------------------------
WARNING:Xst:1415 - No path found for this constraint.

=========================================================================
Timing constraint: TS_J3_TO_D2 = FROM TIMEGRP "FFS" TO TIMEGRP "D2_CLK" TIG;
-------------------------------------------------------------------------
WARNING:Xst:1415 - No path found for this constraint.

=========================================================================
Timing constraint: TS_J4_TO_D2 = FROM TIMEGRP "FFS" TO TIMEGRP "D2_CLK" TIG;
-------------------------------------------------------------------------
WARNING:Xst:1415 - No path found for this constraint.

=========================================================================


Total REAL time to Xst completion: 12.00 secs
Total CPU time to Xst completion: 11.03 secs
 
--> 


Total memory usage is 680788 kilobytes

Number of errors   :    0 (   0 filtered)
Number of warnings :   26 (   0 filtered)
Number of infos    :    5 (   0 filtered)

